>1/9/2002 18:6:10 null model network based on config dic. Total node:48 Total edges:110
Total nodes:48 Total edges:110
initial intermediate recent
10	21	21	
21	32	30	
21	30	34	
Edges by categories:
initial=>52, intermediate=>83, recent=>85, 
>1/9/2002 18:6:10 null model network based on config dic. Total node:48 Total edges:110
Total nodes:48 Total edges:110
initial intermediate recent
14	18	20	
18	30	35	
20	35	30	
Edges by categories:
initial=>52, intermediate=>83, recent=>85, 
>1/9/2002 18:6:10 null model network based on config dic. Total node:48 Total edges:110
Total nodes:48 Total edges:110
initial intermediate recent
8	17	27	
17	30	36	
27	36	22	
Edges by categories:
initial=>52, intermediate=>83, recent=>85, 
>1/9/2002 18:6:10 null model network based on config dic. Total node:48 Total edges:110
Total nodes:48 Total edges:110
initial intermediate recent
12	20	20	
20	32	31	
20	31	34	
Edges by categories:
initial=>52, intermediate=>83, recent=>85, 
>1/9/2002 18:6:10 null model network based on config dic. Total node:48 Total edges:110
Total nodes:48 Total edges:110
initial intermediate recent
10	19	23	
19	32	32	
23	32	30	
Edges by categories:
initial=>52, intermediate=>83, recent=>85, 
>1/9/2002 18:6:11 null model network based on config dic. Total node:48 Total edges:110
Total nodes:48 Total edges:110
initial intermediate recent
14	16	22	
16	30	37	
22	37	26	
Edges by categories:
initial=>52, intermediate=>83, recent=>85, 
>1/9/2002 18:6:11 null model network based on config dic. Total node:48 Total edges:110
Total nodes:48 Total edges:110
initial intermediate recent
4	25	23	
25	22	36	
23	36	26	
Edges by categories:
initial=>52, intermediate=>83, recent=>85, 
>1/9/2002 18:6:11 null model network based on config dic. Total node:48 Total edges:110
Total nodes:48 Total edges:110
initial intermediate recent
12	16	24	
16	36	31	
24	31	30	
Edges by categories:
initial=>52, intermediate=>83, recent=>85, 
>1/9/2002 18:6:11 null model network based on config dic. Total node:48 Total edges:110
Total nodes:48 Total edges:110
initial intermediate recent
16	16	20	
16	28	39	
20	39	26	
Edges by categories:
initial=>52, intermediate=>83, recent=>85, 
>1/9/2002 18:6:11 null model network based on config dic. Total node:48 Total edges:110
Total nodes:48 Total edges:110
initial intermediate recent
12	18	22	
18	36	29	
22	29	34	
Edges by categories:
initial=>52, intermediate=>83, recent=>85, 
